{"/home/veeti/ohjelmointi/fullstack/osa5/bloglist-frontend/src/App.js": {"path":"/home/veeti/ohjelmointi/fullstack/osa5/bloglist-frontend/src/App.js","statementMap":{"0":{"start":{"line":10,"column":12},"end":{"line":137,"column":1}},"1":{"start":{"line":11,"column":30},"end":{"line":11,"column":42}},"2":{"start":{"line":12,"column":28},"end":{"line":12,"column":42}},"3":{"start":{"line":13,"column":36},"end":{"line":13,"column":48}},"4":{"start":{"line":14,"column":36},"end":{"line":14,"column":48}},"5":{"start":{"line":15,"column":44},"end":{"line":15,"column":58}},"6":{"start":{"line":16,"column":54},"end":{"line":16,"column":71}},"7":{"start":{"line":18,"column":4},"end":{"line":22,"column":11}},"8":{"start":{"line":19,"column":8},"end":{"line":21,"column":10}},"9":{"start":{"line":20,"column":12},"end":{"line":20,"column":27}},"10":{"start":{"line":24,"column":4},"end":{"line":30,"column":11}},"11":{"start":{"line":25,"column":29},"end":{"line":25,"column":90}},"12":{"start":{"line":26,"column":8},"end":{"line":29,"column":9}},"13":{"start":{"line":27,"column":12},"end":{"line":27,"column":34}},"14":{"start":{"line":28,"column":12},"end":{"line":28,"column":53}},"15":{"start":{"line":32,"column":24},"end":{"line":45,"column":5}},"16":{"start":{"line":33,"column":8},"end":{"line":33,"column":31}},"17":{"start":{"line":34,"column":8},"end":{"line":44,"column":9}},"18":{"start":{"line":35,"column":25},"end":{"line":35,"column":60}},"19":{"start":{"line":36,"column":12},"end":{"line":36,"column":84}},"20":{"start":{"line":37,"column":12},"end":{"line":37,"column":45}},"21":{"start":{"line":39,"column":12},"end":{"line":39,"column":26}},"22":{"start":{"line":40,"column":12},"end":{"line":40,"column":28}},"23":{"start":{"line":41,"column":12},"end":{"line":41,"column":28}},"24":{"start":{"line":43,"column":12},"end":{"line":43,"column":48}},"25":{"start":{"line":47,"column":19},"end":{"line":51,"column":5}},"26":{"start":{"line":48,"column":8},"end":{"line":48,"column":61}},"27":{"start":{"line":49,"column":8},"end":{"line":49,"column":22}},"28":{"start":{"line":50,"column":8},"end":{"line":50,"column":33}},"29":{"start":{"line":53,"column":20},"end":{"line":65,"column":5}},"30":{"start":{"line":54,"column":8},"end":{"line":64,"column":9}},"31":{"start":{"line":55,"column":28},"end":{"line":55,"column":65}},"32":{"start":{"line":56,"column":12},"end":{"line":58,"column":14}},"33":{"start":{"line":59,"column":12},"end":{"line":59,"column":44}},"34":{"start":{"line":60,"column":12},"end":{"line":60,"column":53}},"35":{"start":{"line":61,"column":12},"end":{"line":61,"column":99}},"36":{"start":{"line":63,"column":12},"end":{"line":63,"column":48}},"37":{"start":{"line":67,"column":21},"end":{"line":79,"column":5}},"38":{"start":{"line":67,"column":29},"end":{"line":79,"column":5}},"39":{"start":{"line":68,"column":8},"end":{"line":78,"column":9}},"40":{"start":{"line":69,"column":32},"end":{"line":69,"column":58}},"41":{"start":{"line":70,"column":12},"end":{"line":75,"column":16}},"42":{"start":{"line":71,"column":16},"end":{"line":73,"column":17}},"43":{"start":{"line":72,"column":20},"end":{"line":72,"column":51}},"44":{"start":{"line":74,"column":16},"end":{"line":74,"column":28}},"45":{"start":{"line":77,"column":12},"end":{"line":77,"column":48}},"46":{"start":{"line":81,"column":23},"end":{"line":90,"column":5}},"47":{"start":{"line":81,"column":31},"end":{"line":90,"column":5}},"48":{"start":{"line":82,"column":8},"end":{"line":89,"column":9}},"49":{"start":{"line":83,"column":12},"end":{"line":86,"column":13}},"50":{"start":{"line":83,"column":64},"end":{"line":83,"column":78}},"51":{"start":{"line":84,"column":16},"end":{"line":84,"column":45}},"52":{"start":{"line":85,"column":16},"end":{"line":85,"column":63}},"53":{"start":{"line":85,"column":46},"end":{"line":85,"column":60}},"54":{"start":{"line":88,"column":12},"end":{"line":88,"column":48}},"55":{"start":{"line":92,"column":32},"end":{"line":99,"column":5}},"56":{"start":{"line":93,"column":8},"end":{"line":93,"column":29}},"57":{"start":{"line":94,"column":8},"end":{"line":94,"column":36}},"58":{"start":{"line":95,"column":8},"end":{"line":98,"column":17}},"59":{"start":{"line":96,"column":12},"end":{"line":96,"column":34}},"60":{"start":{"line":97,"column":12},"end":{"line":97,"column":42}},"61":{"start":{"line":101,"column":37},"end":{"line":103,"column":5}},"62":{"start":{"line":102,"column":8},"end":{"line":102,"column":40}},"63":{"start":{"line":105,"column":26},"end":{"line":105,"column":34}},"64":{"start":{"line":107,"column":4},"end":{"line":136,"column":11}},"65":{"start":{"line":119,"column":34},"end":{"line":119,"column":51}},"66":{"start":{"line":120,"column":16},"end":{"line":126,"column":18}}},"fnMap":{"0":{"name":"(anonymous_0)","decl":{"start":{"line":10,"column":12},"end":{"line":10,"column":13}},"loc":{"start":{"line":10,"column":18},"end":{"line":137,"column":1}},"line":10},"1":{"name":"(anonymous_1)","decl":{"start":{"line":18,"column":14},"end":{"line":18,"column":15}},"loc":{"start":{"line":18,"column":20},"end":{"line":22,"column":5}},"line":18},"2":{"name":"(anonymous_2)","decl":{"start":{"line":19,"column":34},"end":{"line":19,"column":35}},"loc":{"start":{"line":20,"column":12},"end":{"line":20,"column":27}},"line":20},"3":{"name":"(anonymous_3)","decl":{"start":{"line":24,"column":14},"end":{"line":24,"column":15}},"loc":{"start":{"line":24,"column":20},"end":{"line":30,"column":5}},"line":24},"4":{"name":"(anonymous_4)","decl":{"start":{"line":32,"column":24},"end":{"line":32,"column":25}},"loc":{"start":{"line":32,"column":41},"end":{"line":45,"column":5}},"line":32},"5":{"name":"(anonymous_5)","decl":{"start":{"line":47,"column":19},"end":{"line":47,"column":20}},"loc":{"start":{"line":47,"column":25},"end":{"line":51,"column":5}},"line":47},"6":{"name":"(anonymous_6)","decl":{"start":{"line":53,"column":20},"end":{"line":53,"column":21}},"loc":{"start":{"line":53,"column":40},"end":{"line":65,"column":5}},"line":53},"7":{"name":"(anonymous_7)","decl":{"start":{"line":67,"column":21},"end":{"line":67,"column":22}},"loc":{"start":{"line":67,"column":29},"end":{"line":79,"column":5}},"line":67},"8":{"name":"(anonymous_8)","decl":{"start":{"line":67,"column":29},"end":{"line":67,"column":30}},"loc":{"start":{"line":67,"column":41},"end":{"line":79,"column":5}},"line":67},"9":{"name":"(anonymous_9)","decl":{"start":{"line":70,"column":31},"end":{"line":70,"column":32}},"loc":{"start":{"line":70,"column":39},"end":{"line":75,"column":13}},"line":70},"10":{"name":"(anonymous_10)","decl":{"start":{"line":81,"column":23},"end":{"line":81,"column":24}},"loc":{"start":{"line":81,"column":31},"end":{"line":90,"column":5}},"line":81},"11":{"name":"(anonymous_11)","decl":{"start":{"line":81,"column":31},"end":{"line":81,"column":32}},"loc":{"start":{"line":81,"column":43},"end":{"line":90,"column":5}},"line":81},"12":{"name":"(anonymous_12)","decl":{"start":{"line":83,"column":56},"end":{"line":83,"column":57}},"loc":{"start":{"line":83,"column":64},"end":{"line":83,"column":78}},"line":83},"13":{"name":"(anonymous_13)","decl":{"start":{"line":85,"column":38},"end":{"line":85,"column":39}},"loc":{"start":{"line":85,"column":46},"end":{"line":85,"column":60}},"line":85},"14":{"name":"(anonymous_14)","decl":{"start":{"line":92,"column":32},"end":{"line":92,"column":33}},"loc":{"start":{"line":92,"column":48},"end":{"line":99,"column":5}},"line":92},"15":{"name":"(anonymous_15)","decl":{"start":{"line":95,"column":19},"end":{"line":95,"column":20}},"loc":{"start":{"line":95,"column":25},"end":{"line":98,"column":9}},"line":95},"16":{"name":"(anonymous_16)","decl":{"start":{"line":101,"column":37},"end":{"line":101,"column":38}},"loc":{"start":{"line":101,"column":44},"end":{"line":103,"column":5}},"line":101},"17":{"name":"(anonymous_17)","decl":{"start":{"line":119,"column":24},"end":{"line":119,"column":25}},"loc":{"start":{"line":119,"column":34},"end":{"line":119,"column":51}},"line":119},"18":{"name":"(anonymous_18)","decl":{"start":{"line":119,"column":57},"end":{"line":119,"column":58}},"loc":{"start":{"line":120,"column":16},"end":{"line":126,"column":18}},"line":120}},"branchMap":{"0":{"loc":{"start":{"line":26,"column":8},"end":{"line":29,"column":9}},"type":"if","locations":[{"start":{"line":26,"column":8},"end":{"line":29,"column":9}},{"start":{},"end":{}}],"line":26},"1":{"loc":{"start":{"line":71,"column":16},"end":{"line":73,"column":17}},"type":"if","locations":[{"start":{"line":71,"column":16},"end":{"line":73,"column":17}},{"start":{},"end":{}}],"line":71},"2":{"loc":{"start":{"line":83,"column":12},"end":{"line":86,"column":13}},"type":"if","locations":[{"start":{"line":83,"column":12},"end":{"line":86,"column":13}},{"start":{},"end":{}}],"line":83},"3":{"loc":{"start":{"line":109,"column":9},"end":{"line":134,"column":10}},"type":"cond-expr","locations":[{"start":{"line":109,"column":16},"end":{"line":128,"column":14}},{"start":{"line":128,"column":17},"end":{"line":134,"column":10}}],"line":109}},"s":{"0":0,"1":0,"2":0,"3":0,"4":0,"5":0,"6":0,"7":0,"8":0,"9":0,"10":0,"11":0,"12":0,"13":0,"14":0,"15":0,"16":0,"17":0,"18":0,"19":0,"20":0,"21":0,"22":0,"23":0,"24":0,"25":0,"26":0,"27":0,"28":0,"29":0,"30":0,"31":0,"32":0,"33":0,"34":0,"35":0,"36":0,"37":0,"38":0,"39":0,"40":0,"41":0,"42":0,"43":0,"44":0,"45":0,"46":0,"47":0,"48":0,"49":0,"50":0,"51":0,"52":0,"53":0,"54":0,"55":0,"56":0,"57":0,"58":0,"59":0,"60":0,"61":0,"62":0,"63":0,"64":0,"65":0,"66":0},"f":{"0":0,"1":0,"2":0,"3":0,"4":0,"5":0,"6":0,"7":0,"8":0,"9":0,"10":0,"11":0,"12":0,"13":0,"14":0,"15":0,"16":0,"17":0,"18":0},"b":{"0":[0,0],"1":[0,0],"2":[0,0],"3":[0,0]}}
,"/home/veeti/ohjelmointi/fullstack/osa5/bloglist-frontend/src/index.js": {"path":"/home/veeti/ohjelmointi/fullstack/osa5/bloglist-frontend/src/index.js","statementMap":{"0":{"start":{"line":5,"column":0},"end":{"line":5,"column":69}}},"fnMap":{},"branchMap":{},"s":{"0":0},"f":{},"b":{}}
,"/home/veeti/ohjelmointi/fullstack/osa5/bloglist-frontend/src/components/Blog.js": {"path":"/home/veeti/ohjelmointi/fullstack/osa5/bloglist-frontend/src/components/Blog.js","statementMap":{"0":{"start":{"line":3,"column":13},"end":{"line":32,"column":7}},"1":{"start":{"line":4,"column":22},"end":{"line":10,"column":5}},"2":{"start":{"line":13,"column":4},"end":{"line":32,"column":6}}},"fnMap":{"0":{"name":"(anonymous_0)","decl":{"start":{"line":3,"column":13},"end":{"line":3,"column":14}},"loc":{"start":{"line":3,"column":55},"end":{"line":32,"column":7}},"line":3}},"branchMap":{"0":{"loc":{"start":{"line":25,"column":21},"end":{"line":27,"column":30}},"type":"cond-expr","locations":[{"start":{"line":26,"column":26},"end":{"line":26,"column":79}},{"start":{"line":27,"column":26},"end":{"line":27,"column":30}}],"line":25}},"s":{"0":1,"1":2,"2":2},"f":{"0":2},"b":{"0":[2,0]},"_coverageSchema":"1a1c01bbd47fc00a2c39e90264f33305004495a9","hash":"3bc4597c975602a115cd19294eea0f6f0f3e16cc"}
,"/home/veeti/ohjelmointi/fullstack/osa5/bloglist-frontend/src/components/CreateForm.js": {"path":"/home/veeti/ohjelmointi/fullstack/osa5/bloglist-frontend/src/components/CreateForm.js","statementMap":{"0":{"start":{"line":3,"column":19},"end":{"line":33,"column":1}},"1":{"start":{"line":4,"column":30},"end":{"line":4,"column":42}},"2":{"start":{"line":5,"column":32},"end":{"line":5,"column":44}},"3":{"start":{"line":6,"column":26},"end":{"line":6,"column":38}},"4":{"start":{"line":8,"column":23},"end":{"line":14,"column":5}},"5":{"start":{"line":9,"column":8},"end":{"line":9,"column":31}},"6":{"start":{"line":10,"column":8},"end":{"line":10,"column":40}},"7":{"start":{"line":11,"column":8},"end":{"line":11,"column":21}},"8":{"start":{"line":12,"column":8},"end":{"line":12,"column":22}},"9":{"start":{"line":13,"column":8},"end":{"line":13,"column":19}},"10":{"start":{"line":16,"column":4},"end":{"line":32,"column":6}},"11":{"start":{"line":20,"column":42},"end":{"line":20,"column":64}},"12":{"start":{"line":24,"column":42},"end":{"line":24,"column":65}},"13":{"start":{"line":28,"column":42},"end":{"line":28,"column":62}}},"fnMap":{"0":{"name":"(anonymous_0)","decl":{"start":{"line":3,"column":19},"end":{"line":3,"column":20}},"loc":{"start":{"line":3,"column":36},"end":{"line":33,"column":1}},"line":3},"1":{"name":"(anonymous_1)","decl":{"start":{"line":8,"column":23},"end":{"line":8,"column":24}},"loc":{"start":{"line":8,"column":34},"end":{"line":14,"column":5}},"line":8},"2":{"name":"(anonymous_2)","decl":{"start":{"line":20,"column":26},"end":{"line":20,"column":27}},"loc":{"start":{"line":20,"column":42},"end":{"line":20,"column":64}},"line":20},"3":{"name":"(anonymous_3)","decl":{"start":{"line":24,"column":26},"end":{"line":24,"column":27}},"loc":{"start":{"line":24,"column":42},"end":{"line":24,"column":65}},"line":24},"4":{"name":"(anonymous_4)","decl":{"start":{"line":28,"column":26},"end":{"line":28,"column":27}},"loc":{"start":{"line":28,"column":42},"end":{"line":28,"column":62}},"line":28}},"branchMap":{},"s":{"0":0,"1":0,"2":0,"3":0,"4":0,"5":0,"6":0,"7":0,"8":0,"9":0,"10":0,"11":0,"12":0,"13":0},"f":{"0":0,"1":0,"2":0,"3":0,"4":0},"b":{}}
,"/home/veeti/ohjelmointi/fullstack/osa5/bloglist-frontend/src/components/LoginForm.js": {"path":"/home/veeti/ohjelmointi/fullstack/osa5/bloglist-frontend/src/components/LoginForm.js","statementMap":{"0":{"start":{"line":3,"column":18},"end":{"line":29,"column":1}},"1":{"start":{"line":4,"column":4},"end":{"line":27,"column":10}},"2":{"start":{"line":13,"column":46},"end":{"line":13,"column":71}},"3":{"start":{"line":22,"column":46},"end":{"line":22,"column":71}},"4":{"start":{"line":31,"column":0},"end":{"line":37,"column":2}}},"fnMap":{"0":{"name":"(anonymous_0)","decl":{"start":{"line":3,"column":18},"end":{"line":3,"column":19}},"loc":{"start":{"line":4,"column":4},"end":{"line":27,"column":10}},"line":4},"1":{"name":"(anonymous_1)","decl":{"start":{"line":13,"column":30},"end":{"line":13,"column":31}},"loc":{"start":{"line":13,"column":46},"end":{"line":13,"column":71}},"line":13},"2":{"name":"(anonymous_2)","decl":{"start":{"line":22,"column":30},"end":{"line":22,"column":31}},"loc":{"start":{"line":22,"column":46},"end":{"line":22,"column":71}},"line":22}},"branchMap":{},"s":{"0":0,"1":0,"2":0,"3":0,"4":0},"f":{"0":0,"1":0,"2":0},"b":{}}
,"/home/veeti/ohjelmointi/fullstack/osa5/bloglist-frontend/src/components/Notification.js": {"path":"/home/veeti/ohjelmointi/fullstack/osa5/bloglist-frontend/src/components/Notification.js","statementMap":{"0":{"start":{"line":1,"column":21},"end":{"line":21,"column":1}},"1":{"start":{"line":2,"column":4},"end":{"line":4,"column":5}},"2":{"start":{"line":3,"column":8},"end":{"line":3,"column":20}},"3":{"start":{"line":6,"column":18},"end":{"line":14,"column":5}},"4":{"start":{"line":16,"column":4},"end":{"line":20,"column":6}}},"fnMap":{"0":{"name":"(anonymous_0)","decl":{"start":{"line":1,"column":21},"end":{"line":1,"column":22}},"loc":{"start":{"line":1,"column":41},"end":{"line":21,"column":1}},"line":1}},"branchMap":{"0":{"loc":{"start":{"line":2,"column":4},"end":{"line":4,"column":5}},"type":"if","locations":[{"start":{"line":2,"column":4},"end":{"line":4,"column":5}},{"start":{},"end":{}}],"line":2}},"s":{"0":0,"1":0,"2":0,"3":0,"4":0},"f":{"0":0},"b":{"0":[0,0]}}
,"/home/veeti/ohjelmointi/fullstack/osa5/bloglist-frontend/src/components/Toggleable.js": {"path":"/home/veeti/ohjelmointi/fullstack/osa5/bloglist-frontend/src/components/Toggleable.js","statementMap":{"0":{"start":{"line":4,"column":19},"end":{"line":30,"column":2}},"1":{"start":{"line":5,"column":34},"end":{"line":5,"column":49}},"2":{"start":{"line":7,"column":28},"end":{"line":7,"column":62}},"3":{"start":{"line":8,"column":28},"end":{"line":8,"column":62}},"4":{"start":{"line":10,"column":29},"end":{"line":12,"column":5}},"5":{"start":{"line":11,"column":8},"end":{"line":11,"column":29}},"6":{"start":{"line":14,"column":4},"end":{"line":16,"column":7}},"7":{"start":{"line":15,"column":8},"end":{"line":15,"column":36}},"8":{"start":{"line":18,"column":4},"end":{"line":29,"column":6}},"9":{"start":{"line":32,"column":0},"end":{"line":32,"column":38}},"10":{"start":{"line":34,"column":0},"end":{"line":37,"column":2}}},"fnMap":{"0":{"name":"(anonymous_0)","decl":{"start":{"line":4,"column":30},"end":{"line":4,"column":31}},"loc":{"start":{"line":4,"column":46},"end":{"line":30,"column":1}},"line":4},"1":{"name":"(anonymous_1)","decl":{"start":{"line":10,"column":29},"end":{"line":10,"column":30}},"loc":{"start":{"line":10,"column":35},"end":{"line":12,"column":5}},"line":10},"2":{"name":"(anonymous_2)","decl":{"start":{"line":14,"column":29},"end":{"line":14,"column":30}},"loc":{"start":{"line":14,"column":35},"end":{"line":16,"column":5}},"line":14}},"branchMap":{"0":{"loc":{"start":{"line":7,"column":39},"end":{"line":7,"column":60}},"type":"cond-expr","locations":[{"start":{"line":7,"column":49},"end":{"line":7,"column":55}},{"start":{"line":7,"column":58},"end":{"line":7,"column":60}}],"line":7},"1":{"loc":{"start":{"line":8,"column":39},"end":{"line":8,"column":60}},"type":"cond-expr","locations":[{"start":{"line":8,"column":49},"end":{"line":8,"column":51}},{"start":{"line":8,"column":54},"end":{"line":8,"column":60}}],"line":8}},"s":{"0":1,"1":4,"2":3,"3":3,"4":3,"5":1,"6":3,"7":0,"8":3,"9":1,"10":1},"f":{"0":4,"1":1,"2":0},"b":{"0":[1,2],"1":[1,2]},"_coverageSchema":"1a1c01bbd47fc00a2c39e90264f33305004495a9","hash":"5e1a914e4249fa7bdb4aa6dbdbfcc242a0e1c8ad"}
,"/home/veeti/ohjelmointi/fullstack/osa5/bloglist-frontend/src/services/blogs.js": {"path":"/home/veeti/ohjelmointi/fullstack/osa5/bloglist-frontend/src/services/blogs.js","statementMap":{"0":{"start":{"line":4,"column":12},"end":{"line":4,"column":14}},"1":{"start":{"line":5,"column":17},"end":{"line":7,"column":1}},"2":{"start":{"line":6,"column":4},"end":{"line":6,"column":34}},"3":{"start":{"line":8,"column":19},"end":{"line":10,"column":1}},"4":{"start":{"line":9,"column":4},"end":{"line":9,"column":15}},"5":{"start":{"line":12,"column":16},"end":{"line":12,"column":28}},"6":{"start":{"line":14,"column":15},"end":{"line":21,"column":1}},"7":{"start":{"line":15,"column":4},"end":{"line":20,"column":5}},"8":{"start":{"line":16,"column":25},"end":{"line":16,"column":49}},"9":{"start":{"line":17,"column":8},"end":{"line":17,"column":29}},"10":{"start":{"line":19,"column":8},"end":{"line":19,"column":49}},"11":{"start":{"line":23,"column":18},"end":{"line":33,"column":1}},"12":{"start":{"line":24,"column":19},"end":{"line":26,"column":5}},"13":{"start":{"line":27,"column":4},"end":{"line":32,"column":5}},"14":{"start":{"line":28,"column":25},"end":{"line":28,"column":64}},"15":{"start":{"line":29,"column":8},"end":{"line":29,"column":29}},"16":{"start":{"line":31,"column":8},"end":{"line":31,"column":49}},"17":{"start":{"line":35,"column":15},"end":{"line":41,"column":1}},"18":{"start":{"line":36,"column":19},"end":{"line":38,"column":5}},"19":{"start":{"line":39,"column":21},"end":{"line":39,"column":70}},"20":{"start":{"line":40,"column":4},"end":{"line":40,"column":25}},"21":{"start":{"line":43,"column":13},"end":{"line":53,"column":1}},"22":{"start":{"line":44,"column":4},"end":{"line":52,"column":5}},"23":{"start":{"line":45,"column":21},"end":{"line":45,"column":63}},"24":{"start":{"line":46,"column":8},"end":{"line":46,"column":21}},"25":{"start":{"line":47,"column":8},"end":{"line":47,"column":23}},"26":{"start":{"line":48,"column":28},"end":{"line":48,"column":50}},"27":{"start":{"line":49,"column":8},"end":{"line":49,"column":27}},"28":{"start":{"line":51,"column":8},"end":{"line":51,"column":49}},"29":{"start":{"line":55,"column":15},"end":{"line":65,"column":1}},"30":{"start":{"line":56,"column":19},"end":{"line":58,"column":5}},"31":{"start":{"line":59,"column":4},"end":{"line":64,"column":5}},"32":{"start":{"line":60,"column":25},"end":{"line":60,"column":71}},"33":{"start":{"line":61,"column":8},"end":{"line":61,"column":29}},"34":{"start":{"line":63,"column":8},"end":{"line":63,"column":49}}},"fnMap":{"0":{"name":"(anonymous_0)","decl":{"start":{"line":5,"column":17},"end":{"line":5,"column":18}},"loc":{"start":{"line":5,"column":32},"end":{"line":7,"column":1}},"line":5},"1":{"name":"(anonymous_1)","decl":{"start":{"line":8,"column":19},"end":{"line":8,"column":20}},"loc":{"start":{"line":8,"column":25},"end":{"line":10,"column":1}},"line":8},"2":{"name":"(anonymous_2)","decl":{"start":{"line":14,"column":15},"end":{"line":14,"column":16}},"loc":{"start":{"line":14,"column":27},"end":{"line":21,"column":1}},"line":14},"3":{"name":"(anonymous_3)","decl":{"start":{"line":23,"column":18},"end":{"line":23,"column":19}},"loc":{"start":{"line":23,"column":34},"end":{"line":33,"column":1}},"line":23},"4":{"name":"(anonymous_4)","decl":{"start":{"line":35,"column":15},"end":{"line":35,"column":16}},"loc":{"start":{"line":35,"column":35},"end":{"line":41,"column":1}},"line":35},"5":{"name":"(anonymous_5)","decl":{"start":{"line":43,"column":13},"end":{"line":43,"column":14}},"loc":{"start":{"line":43,"column":27},"end":{"line":53,"column":1}},"line":43},"6":{"name":"(anonymous_6)","decl":{"start":{"line":55,"column":15},"end":{"line":55,"column":16}},"loc":{"start":{"line":55,"column":29},"end":{"line":65,"column":1}},"line":55}},"branchMap":{},"s":{"0":0,"1":0,"2":0,"3":0,"4":0,"5":0,"6":0,"7":0,"8":0,"9":0,"10":0,"11":0,"12":0,"13":0,"14":0,"15":0,"16":0,"17":0,"18":0,"19":0,"20":0,"21":0,"22":0,"23":0,"24":0,"25":0,"26":0,"27":0,"28":0,"29":0,"30":0,"31":0,"32":0,"33":0,"34":0},"f":{"0":0,"1":0,"2":0,"3":0,"4":0,"5":0,"6":0},"b":{}}
,"/home/veeti/ohjelmointi/fullstack/osa5/bloglist-frontend/src/services/login.js": {"path":"/home/veeti/ohjelmointi/fullstack/osa5/bloglist-frontend/src/services/login.js","statementMap":{"0":{"start":{"line":4,"column":16},"end":{"line":4,"column":19}},"1":{"start":{"line":6,"column":14},"end":{"line":14,"column":1}},"2":{"start":{"line":7,"column":4},"end":{"line":12,"column":5}},"3":{"start":{"line":8,"column":21},"end":{"line":8,"column":59}},"4":{"start":{"line":9,"column":8},"end":{"line":9,"column":25}},"5":{"start":{"line":11,"column":8},"end":{"line":11,"column":49}}},"fnMap":{"0":{"name":"(anonymous_0)","decl":{"start":{"line":6,"column":14},"end":{"line":6,"column":15}},"loc":{"start":{"line":6,"column":37},"end":{"line":14,"column":1}},"line":6}},"branchMap":{},"s":{"0":0,"1":0,"2":0,"3":0,"4":0,"5":0},"f":{"0":0},"b":{}}
,"/home/veeti/ohjelmointi/fullstack/osa5/bloglist-frontend/src/services/utils.js": {"path":"/home/veeti/ohjelmointi/fullstack/osa5/bloglist-frontend/src/services/utils.js","statementMap":{"0":{"start":{"line":1,"column":25},"end":{"line":4,"column":1}},"1":{"start":{"line":2,"column":4},"end":{"line":2,"column":71}},"2":{"start":{"line":3,"column":4},"end":{"line":3,"column":36}}},"fnMap":{"0":{"name":"(anonymous_0)","decl":{"start":{"line":1,"column":25},"end":{"line":1,"column":26}},"loc":{"start":{"line":1,"column":36},"end":{"line":4,"column":1}},"line":1}},"branchMap":{},"s":{"0":0,"1":0,"2":0},"f":{"0":0},"b":{}}
}
